<?xml version="1.0" encoding="UTF-8"?>
<!-- Generated by org.testng.reporters.JUnitReportReporter -->
<testsuite hostname="Mohammads-MacBook-Pro.local" failures="0" tests="3" name="LoginTests.Login" time="2.418" errors="0" timestamp="2024-02-01T20:57:10 EET" skipped="2">
  <testcase classname="LoginTests.Login" name="TestLogin_HappyScenario" time="2.418"/>
  <system-out/>
  <testcase classname="LoginTests.Login" name="TestLogin_SadSceanrio">
    <skipped/>
  </testcase> <!-- TestLogin_SadSceanrio -->
  <system-out/>
  <testcase classname="LoginTests.Login" name="myFirstTest">
    <skipped/>
  </testcase> <!-- myFirstTest -->
  <system-out/>
</testsuite> <!-- LoginTests.Login -->
